Change Component Footprint: Designator=P1 Old Footprint=JST-S2B-PH-K-S_V New Footprint=JST-S2B-PH-K-S_V
Added Component: Designator=U2(XCVR_BM833)
Add component (AddParameter): Name = "Availability"; Value = "In Stock"; VariantName = "[No Variations]"
Add component (AddParameter): Name = "Check_prices"; Value = "https://www.snapeda.com/parts/BM833/Fanstel/view-part/?ref=eda"; VariantName = "[No Variations]"
Add component (AddParameter): Name = "MF"; Value = "Fanstel"; VariantName = "[No Variations]"
Add component (AddParameter): Name = "MP"; Value = "BM833"; VariantName = "[No Variations]"
Add component (AddParameter): Name = "Package"; Value = "None"; VariantName = "[No Variations]"
Add component (AddParameter): Name = "Price"; Value = "None"; VariantName = "[No Variations]"
Add component (AddParameter): Name = "Purchase-URL"; Value = "https://pricing.snapeda.com/search/part/BM833/?ref=eda"; VariantName = "[No Variations]"
Add component (AddParameter): Name = "SnapEDA_Link"; Value = "https://www.snapeda.com/parts/BM833/Fanstel/view-part/?ref=snap"; VariantName = "[No Variations]"
Add component (AddParameter): Name = "Value"; Value = ""; VariantName = "[No Variations]"
Added Pin To Net: NetName=GND Pin=U2-1
Added Pin To Net: NetName=GND Pin=U2-2
Added Pin To Net: NetName=GND Pin=U2-3
Added Pin To Net: NetName=GND Pin=U2-4
Added Pin To Net: NetName=GND Pin=U2-5
Added Pin To Net: NetName=NetR5_1 Pin=U2-10
Added Pin To Net: NetName=NetR8_1 Pin=U2-12
Added Pin To Net: NetName=GND Pin=U2-13
Added Pin To Net: NetName=+3V3 Pin=U2-14
Added Pin To Net: NetName=GND Pin=U2-15
Added Pin To Net: NetName=GND Pin=U2-18
Added Pin To Net: NetName=GND Pin=U2-19
Added Pin To Net: NetName=SW2 Pin=U2-22
Added Pin To Net: NetName=+3V3 Pin=U2-28
Added Pin To Net: NetName=GND Pin=U2-30
Added Pin To Net: NetName=RESET Pin=U2-40
Added Pin To Net: NetName=NetU1_2 Pin=U2-42
Added Pin To Net: NetName=NetU1_3 Pin=U2-43
Added Pin To Net: NetName=GND Pin=U2-45
Added Pin To Net: NetName=NetR6_1 Pin=U2-51
Added Pin To Net: NetName=NetR7_1 Pin=U2-53
Added Pin To Net: NetName=+3V3 Pin=U2-56
Added Member To Class: ClassName=Tag Member=Component U2 BM833
